Executing action: monitor
Running idf_monitor in directory /home/me/projects/mlkem
Executing "/home/me/.espressif/python_env/idf5.4_py3.14_env/bin/python /home/me/esp/esp-idf/tools/idf_monitor.py -p /dev/ttyUSB0 -b 921600 --toolchain-prefix xtensa-esp32s3-elf- --target esp32s3 --revision 0 /home/me/projects/mlkem/build/mlkem_esp32.elf -m '/home/me/.espressif/python_env/idf5.4_py3.14_env/bin/python' '/home/me/esp/esp-idf/tools/idf.py' '-p' '/dev/ttyUSB0' '-b' '921600'"...
s1,ML-KEM-1024,5,2942579,0,18393,-1,5019072,-1,-1,2714312,0,0,-25,1,,1572,1572,58,222016,211928,15988,0.00
I (32092) mqtt5_client: MQTT_MSG_TYPE_PUBACK return code is 0
s1,ML-KEM-1024,6,2942191,4050641,18390,25317,247785,203979,0,138673,0,0,-23,0,a9cf0ebf0ceac7e277140b7a9e3a1a01fc069dfa5b366746fc3e5f477931778c,1572,1572,58,220456,211928,10836,17.64
I (32269) mqtt5_client: MQTT_MSG_TYPE_PUBACK return code is 0
s1,ML-KEM-1024,7,2941435,4207859,18386,26301,113892,69108,134871,67917,0,0,-23,0,1ce33a18e077522235a57f4413886422db6364f515cae7cc993597445a57f032,1572,1572,58,220248,211896,10836,39.24
I (32383) mqtt5_client: MQTT_MSG_TYPE_PUBACK return code is 0
s1,ML-KEM-1024,8,2941230,3940740,18385,24631,117840,72271,3163,69296,0,0,-23,0,2dcfb328fe426cc3a0859656787ac19402f6bc74c37ba3464a3bb0f062b93fe2,1572,1572,58,220048,211896,10804,36.50
I (32542) mqtt5_client: MQTT_MSG_TYPE_PUBACK return code is 0
s1,ML-KEM-1024,9,2963700,3997743,18525,24987,149068,105462,33191,87478,0,0,-23,0,d19043e68aa877f2a46c25f41159b62977ff15760933edaf89a3df7438b6e333,1572,1572,58,220248,211896,10804,29.19
I (32686) mqtt5_client: MQTT_MSG_TYPE_PUBACK return code is 0
s1,ML-KEM-1024,10,2966256,4142767,18542,25893,139586,94009,11453,81089,0,0,-23,0,0b8fb32a5973abbb64f29147ea7e7b5f9fd407ccccb2de11bcad0cfc44acc9ca,1572,1572,58,219852,211896,10804,31.83
I (32858) mqtt5_client: MQTT_MSG_TYPE_PUBACK return code is 0
s1,ML-KEM-1024,11,3002244,4052129,18766,25326,160939,116749,22740,93431,0,0,-23,0,e28ff688f64a6c2f560983a86f27266f06019713f78b13186e0de7da63647e6c,1572,1572,58,220248,211896,10804,27.40
I (32987) mqtt5_client: MQTT_MSG_TYPE_PUBACK return code is 0
s1,ML-KEM-1024,12,2962767,3899221,18519,24371,140236,94603,22146,82511,0,0,-23,0,a818543e174299d9e6155552f7b2b46c110c6cd0520c34e735598eb6a2f5d919,1572,1572,58,220248,211896,10804,30.58
I (33097) mqtt5_client: MQTT_MSG_TYPE_PUBACK return code is 0
s1,ML-KEM-1024,13,2942705,4099839,18394,25625,77197,33080,61523,46669,0,0,-22,0,ed5865ed317ffaafb1fb53e4b9d211eef460af7dd1d39781c3a2a42bd96ceee2,1572,1572,58,220248,211896,10804,57.02
I (33201) mqtt5_client: MQTT_MSG_TYPE_PUBACK return code is 0
s1,ML-KEM-1024,14,2941322,4001273,18385,25009,140014,96524,63444,82695,0,0,-22,0,030cefef1dc9693b02ebc5ab16606888935b5650c730b465b68482f4a0f98de6,1572,1572,58,220248,211896,10804,30.99
I (33340) mqtt5_client: MQTT_MSG_TYPE_PUBACK return code is 0
s1,ML-KEM-1024,15,2942148,3984593,18390,24905,130225,86833,9691,76005,0,0,-22,0,293af0288f86e9de4669545cfbbe1b6bdfd450fa94fa1ef0505605ccd1d1cb59,1572,1572,58,220248,211896,10804,33.25
I (33506) mqtt5_client: MQTT_MSG_TYPE_PUBACK return code is 0
s1,ML-KEM-1024,16,2986660,3981511,18669,24885,148779,105130,18297,86352,0,0,-22,0,7834a82dc8391673415a58d8761daa4a504ccd8b814a35a79f5b797f16452f43,1572,1572,58,220248,211896,10804,29.27
I (33613) mqtt5_client: MQTT_MSG_TYPE_PUBACK return code is 0
s1,ML-KEM-1024,17,2942218,4218269,18391,26365,157826,112974,7844,91857,0,0,-22,0,c1ca08e51c9f603b21883afa8ee557ebb10fd1a38dc79e8113c83d7c038be1ac,1572,1572,58,220244,211896,10804,28.36
I (33785) mqtt5_client: MQTT_MSG_TYPE_PUBACK return code is 0
s1,ML-KEM-1024,18,2960281,3905168,18504,24408,111713,66086,46888,65617,0,0,-22,0,5812ec1ece1bab8b6e46e176dcad4b42f4f7478105de44cdd6f1e9a5467eea6b,1572,1572,58,220244,211896,10804,38.41
I (33916) mqtt5_client: MQTT_MSG_TYPE_PUBACK return code is 0
s1,ML-KEM-1024,19,2943481,4213949,18398,26339,137121,92290,26204,80638,0,0,-22,0,0c8bb1345f6fa28cec9fa3f3699bde7e312931c0d703a7bb2a0bc92af663b78a,1572,1572,58,220244,211896,10804,32.63
I (34025) mqtt5_client: MQTT_MSG_TYPE_PUBACK return code is 0
s1,ML-KEM-1024,20,2946060,3902737,18415,24393,92849,47358,44932,56522,0,0,-22,0,dd8859390ba077aafbdfe29e3ab1ff38f6914182c04736c7959d1847c820929d,1572,1572,58,220244,211896,10804,46.10
I (34142) mqtt5_client: MQTT_MSG_TYPE_PUBACK return code is 0
s1,ML-KEM-1024,21,2940051,4000709,18377,25006,105664,62182,14824,62833,0,0,-22,0,4790cef494b63a16fa5320083078705a9bec30d5c0979b67a1fa99254c2f050f,1572,1572,58,220244,211896,10804,41.06
I (34228) mqtt5_client: MQTT_MSG_TYPE_PUBACK return code is 0
s1,ML-KEM-1024,22,2987080,4066333,18671,25416,90029,45844,16338,54260,0,0,-34,0,3ed3da96fa1e1c5de2011a4f090a105ccc154a526fbcc0574b715f2cbe355d6f,1572,1572,58,220244,211896,10804,48.97
I (34354) mqtt5_client: MQTT_MSG_TYPE_PUBACK return code is 0
s1,ML-KEM-1024,23,3118989,4045385,19496,25285,155903,111027,65183,90361,0,0,-34,0,286cd47967fdcf8a3bea7b0f7bf9ee98618e205aa1859d6a85e15835742c3e7d,1572,1572,58,220244,211896,10804,28.72
I (34500) mqtt5_client: MQTT_MSG_TYPE_PUBACK return code is 0
s1,ML-KEM-1024,24,2979222,3858383,18622,24116,109898,64240,46787,66492,0,0,-34,0,9f162871a2cea0a2576d85b4f6d033773490715a813219ccf448808537fb81b9,1572,1572,58,220244,211896,10804,38.89
I (34587) mqtt5_client: MQTT_MSG_TYPE_PUBACK return code is 0
s1,ML-KEM-1024,25,3103480,3906948,19402,24419,659467,612854,548614,380390,0,0,-34,0,512a1f8fe394179f680445254ca4b0d540fd7068e3a831936a7c08ee76728254,1572,1572,58,220244,211896,10804,6.64
I (35246) mqtt5_client: MQTT_MSG_TYPE_PUBACK return code is 0
s1,ML-KEM-1024,26,3110470,4028114,19443,25177,73706,29002,583852,45686,0,0,-34,0,cc20e23d603e7761d52230bfb22f75691c691a8d64b88a561d1553b751c9ffc9,1572,1572,58,220244,211896,10804,60.54
I (35324) mqtt5_client: MQTT_MSG_TYPE_PUBACK return code is 0
s1,ML-KEM-1024,27,3110310,3869073,19441,24183,73770,27570,1432,45262,0,0,-34,0,bf3ce381817a5c1443593406a2c083a75d4a10d568e6f4c40f12a9c12a9f161a,1572,1572,58,220244,211896,10804,59.14
I (35400) mqtt5_client: MQTT_MSG_TYPE_PUBACK return code is 0
s1,ML-KEM-1024,28,3162825,3894222,19770,24340,70250,23252,4318,44538,0,0,-30,0,b93792615096ad203a56ff070658b7285c28fcb0e78860e2ca9c9c8c61abc719,1572,1572,58,220244,211896,10804,62.79
I (35470) mqtt5_client: MQTT_MSG_TYPE_PUBACK return code is 0
s1,ML-KEM-1024,29,3117728,3882168,19487,24264,72963,26468,3216,45738,0,0,-30,0,c50fe491b221b6c97e476bbfb4fe9e9019aeb79717b6d8221fb21d2a41544038,1572,1572,58,220244,211896,10804,59.96
I (35545) mqtt5_client: MQTT_MSG_TYPE_PUBACK return code is 0
s1,ML-KEM-1024,30,3116272,3891920,19479,24327,68694,22086,4382,42784,0,0,-30,0,f3cda3c3fa12f2ca9e39870c6841433853aafca8d39ad99c5f32f3d11120ed71,1572,1572,58,220244,211896,10804,63.77
I (35624) mqtt5_client: MQTT_MSG_TYPE_PUBACK return code is 0
s1,ML-KEM-1024,31,3097246,3982499,19360,24892,75486,31142,9056,46776,0,0,-30,0,8c9023861a0c1434ab68dab3213cd017589bfa3413a752dd5b985cab8eacce19,1572,1572,58,220244,211896,10804,58.62
I (35697) mqtt5_client: MQTT_MSG_TYPE_PUBACK return code is 0
s1,ML-KEM-1024,32,3136664,4074003,19607,25464,72543,26344,4798,44984,0,0,-30,0,0bfaee2db9e776fceca36f10a92944548e1aacd2f8d8f1b21e5bb1d0691ec5a3,1572,1572,58,220244,211896,10804,62.13
I (35776) mqtt5_client: MQTT_MSG_TYPE_PUBACK return code is 0
s1,ML-KEM-1024,33,3096673,3862298,19356,24140,75698,29394,3050,46889,0,0,-30,0,b2aa5fced8f6d1ca07a32af1a52aabe7b4277b0892b109422e1bdbf58bf1a2dc,1572,1572,58,220244,211896,10804,57.46
I (35850) mqtt5_client: MQTT_MSG_TYPE_PUBACK return code is 0
s1,ML-KEM-1024,34,3101970,4107486,19389,25673,72526,26350,3044,43932,0,0,-30,0,a9d2bd43046b62cc2f4a8f0609a24d49b9c6b2743d7bb86309fbbcfa2453f28b,1572,1572,58,220244,211896,10804,62.13
I (35926) mqtt5_client: MQTT_MSG_TYPE_PUBACK return code is 0
s1,ML-KEM-1024,35,3110830,3877148,19446,24233,72579,26075,275,44256,0,0,-30,0,ed685f3e18f0b8a5f635036c9c78e1220290261055abf8e7bb2a6ba1bcc21152,1572,1572,58,220244,211896,10804,60.18
I (36015) mqtt5_client: MQTT_MSG_TYPE_PUBACK return code is 0
s1,ML-KEM-1024,36,3114706,4079679,19470,25499,84573,38470,12395,51329,0,0,-30,0,65397632f985add27f6da23f5b925b5414c340051def3a2b5d738271775a53dd,1572,1572,58,220244,211896,10804,53.17
I (36088) mqtt5_client: MQTT_MSG_TYPE_PUBACK return code is 0
s1,ML-KEM-1024,37,3119740,3882988,19500,24270,71118,24724,13746,44204,0,0,-30,0,d36608dd6470d2de26c084da631b001d867755cd2db514c3c0a5a50808dd1c4f,1572,1572,58,220244,211896,10804,61.55
I (36162) mqtt5_client: MQTT_MSG_TYPE_PUBACK return code is 0
s1,ML-KEM-1024,38,3097145,3927438,19360,24547,67900,21247,3477,42276,0,0,-30,0,0164c677ca163c59740a37500df0b193dbff62008d794b8bf4d618ab038d94c1,1572,1572,58,220244,211896,10804,64.66
I (36233) mqtt5_client: MQTT_MSG_TYPE_PUBACK return code is 0
s1,ML-KEM-1024,39,2949062,3866721,18433,24168,74849,29389,8142,46679,0,0,-30,0,7b7045f5ead62804fd9a6b2bbd5f7ca4efb9453f762c618cc11c6f071667fa75,1572,1572,58,220244,211896,10804,56.92
I (36311) mqtt5_client: MQTT_MSG_TYPE_PUBACK return code is 0
s1,ML-KEM-1024,40,3109356,4096131,19435,25602,69962,23784,5605,42895,0,0,-30,0,cd1e92ac408a58de4ccc6e7a3df25c83079ddaa16930990428ae165fa5f88186,1572,1572,58,220244,211896,10804,64.37
I (36387) mqtt5_client: MQTT_MSG_TYPE_PUBACK return code is 0
s1,ML-KEM-1024,41,3120024,3920419,19502,24506,74011,27139,3355,45675,0,0,-30,0,e3cc72863846761db77efbf756a438602fd3428cb7af92975311d614ec804d1c,1572,1572,58,220244,211896,10804,59.46
I (36484) mqtt5_client: MQTT_MSG_TYPE_PUBACK return code is 0
s1,ML-KEM-1024,42,2960213,4115217,18503,25721,93815,49497,22358,56953,0,0,-26,0,c535d9117d68ed798f6732a2336f2db1135bbffbccc179a2df354b80264c861b,1572,1572,58,220244,211896,10804,47.14
I (36557) mqtt5_client: MQTT_MSG_TYPE_PUBACK return code is 0
s1,ML-KEM-1024,43,3104359,3876008,19405,24226,69020,22599,26898,43539,0,0,-26,0,11299f3b843515fc1df66f3b8ddc6307d35994e765ba24376c850ef218b170c5,1572,1572,58,220244,211896,10804,63.22
I (36658) mqtt5_client: MQTT_MSG_TYPE_PUBACK return code is 0
s1,ML-KEM-1024,44,3134424,3882538,19592,24267,98227,51482,28883,59037,0,0,-26,0,d79312144443ec1707bd4cccda3a2e0e84af775918a4fb85e625a6df392555bb,1572,1572,58,220244,211896,10804,44.65
I (36736) mqtt5_client: MQTT_MSG_TYPE_PUBACK return code is 0
s1,ML-KEM-1024,45,3125144,4091547,19534,25573,84112,37886,13596,50771,0,0,-26,0,2a9f77f60745ee6beee1e8f2686a052f18f1675456672762e259fccef08eab21,1572,1572,58,220244,211896,10804,53.63
I (36819) mqtt5_client: MQTT_MSG_TYPE_PUBACK return code is 0
s1,ML-KEM-1024,46,3097764,3871212,19363,24196,71430,25263,12623,42741,0,0,-26,0,1ccb33c62e2ab7fd665974b5bfa4711c4c322ddf84be30b148f6790d7695c3d9,1572,1572,58,220244,211896,10804,60.98
I (36906) mqtt5_client: MQTT_MSG_TYPE_PUBACK return code is 0
s1,ML-KEM-1024,47,3094879,3896702,19345,24356,87639,41131,15868,54038,0,0,-26,0,064bd691e80497e196842bf1ddc6794a29d3396117090cb4770dd3f34b195483,1572,1572,58,220244,211896,10804,49.86
I (36986) mqtt5_client: MQTT_MSG_TYPE_PUBACK return code is 0
s1,ML-KEM-1024,48,2964316,3927890,18529,24550,77797,31984,9147,49342,0,0,-26,0,845cfd667eacf676f276d659e1fefe942b899f9c37a631c43a03d1b916d488c2,1572,1572,58,220244,211896,10804,55.37
I (37074) mqtt5_client: MQTT_MSG_TYPE_PUBACK return code is 0
s1,ML-KEM-1024,49,3120806,3884986,19507,24283,79533,33174,1190,48945,0,0,-26,0,52024dadba7afc82cc5059ee5b27bf0becc46fda8b318021ce070a7b93bdbd9a,1572,1572,58,220244,211896,10804,55.06
I (37168) mqtt5_client: MQTT_MSG_TYPE_PUBACK return code is 0
s1,ML-KEM-1024,50,3126102,3921909,19540,24513,88448,41621,8447,54027,0,0,-26,0,e43e257f532cf7c86a4a234f936d300bdbb651d7bd831c7cf3a0b4326e59ca82,1572,1572,58,220244,211896,10804,49.81
I (37276) mqtt5_client: MQTT_MSG_TYPE_PUBACK return code is 0
s1,ML-KEM-1024,51,3123164,4107361,19521,25672,111491,65259,23638,65909,0,0,-26,0,8de4ac2c187be6a931eab5ab7e697060edb3ffd6e14628bc85eb4d3a9fcaae00,1572,1572,58,220244,211896,10804,40.54
I (37381) mqtt5_client: MQTT_MSG_TYPE_PUBACK return code is 0
s1,ML-KEM-1024,52,2944419,3901554,18404,24388,101770,56170,9089,61305,0,0,-26,0,8b32c09bae335c03f2bef4c5f83e389fc14df8603c71f42cbbc8757732f417db,1572,1572,58,220244,211896,10804,42.05
I (37480) mqtt5_client: MQTT_MSG_TYPE_PUBACK return code is 0
s1,ML-KEM-1024,53,3124254,3862629,19530,24142,93779,47228,8942,57042,0,0,-26,0,2c68ee78a743f961e86981e276909a1620f1452f3518fddcee4a19ded97bb230,1572,1572,58,220248,211896,10804,46.57
I (37557) mqtt5_client: MQTT_MSG_TYPE_PUBACK return code is 0
s1,ML-KEM-1024,54,3114572,3910514,19468,24442,76218,29452,17776,47492,0,0,-26,0,97f6923488bbb2b8a25c52dcb463e479bd051f91a6b64bc995a8d114cbf2b67a,1572,1572,58,220248,211896,10804,57.61
I (37638) mqtt5_client: MQTT_MSG_TYPE_PUBACK return code is 0
s1,ML-KEM-1024,55,2941344,3974235,18385,24840,69718,26399,3053,43441,0,0,-26,0,26f063319fe53f7736724e1406da30b426fcd853c85a3b14abfbcc453944eafa,1572,1572,58,220048,211896,10804,62.00
I (37706) mqtt5_client: MQTT_MSG_TYPE_PUBACK return code is 0
s1,ML-KEM-1024,56,2945294,4234641,18410,26468,76799,31828,5429,47886,0,0,-26,0,d3891f4766667d4c672d46f48499b239fb984b872eaf96b054d643bf78d1c77a,1572,1572,58,220248,211896,10804,58.44
I (37804) mqtt5_client: MQTT_MSG_TYPE_PUBACK return code is 0
s1,ML-KEM-1024,57,3121789,3937484,19513,24610,97606,50702,18874,58589,0,0,-26,0,40486ed1f041822abf6174909135843f187a01827cb33e18fe31fb1976e17679,1572,1572,58,220248,211896,10804,45.21
I (37887) mqtt5_client: MQTT_MSG_TYPE_PUBACK return code is 0
s1,ML-KEM-1024,58,2938861,3871813,18370,24200,75656,30268,20434,47096,0,0,-26,0,1c3737ea3cce6af73b62110b24001162150e80f84e4a504a986b288e39ad35f1,1572,1572,58,220248,211896,10804,56.27
I (37988) mqtt5_client: MQTT_MSG_TYPE_PUBACK return code is 0
s1,ML-KEM-1024,59,3143450,3914080,19649,24466,96655,49785,19517,58372,0,0,-26,0,93a84a9b288fae64df614d800ae0634d96c356cc192eb784fc1e615a946ea1c5,1572,1572,58,220248,211896,10804,45.64
I (38075) mqtt5_client: MQTT_MSG_TYPE_PUBACK return code is 0
s1,ML-KEM-1024,60,3048423,3870219,19055,24190,82928,36821,12964,49988,0,0,-26,0,b174a03c2922caa1fce23c19899f10d135fbd3cc2abc6b678b3b68c842832880,1572,1572,58,220248,211896,10804,52.15
I (38153) mqtt5_client: MQTT_MSG_TYPE_PUBACK return code is 0
s1,ML-KEM-1024,61,3113059,3983273,19462,24897,100799,56341,19520,60719,0,0,-26,0,9a801509be5a6190d5c0d12d76a63a3650a5a28db49a3295f21d28b76c9f1da8,1572,1572,58,220248,211896,10804,44.01
I (38254) mqtt5_client: MQTT_MSG_TYPE_PUBACK return code is 0
s1,ML-KEM-1024,62,3146570,3982049,19670,24889,91939,47285,9056,55321,0,0,-26,0,7fe48e9641c5e85afdf8e6e54764b68ac40cd9ab72041f8072b99f3f72a6ea33,1572,1572,58,220248,211896,10804,48.47
I (38349) mqtt5_client: MQTT_MSG_TYPE_PUBACK return code is 0
s1,ML-KEM-1024,63,3112439,3869882,19455,24188,70627,24318,22967,44360,0,0,-26,0,74de6967d022eb2c99ee8da813382ba51e64f24c6406b9bbfab25ffa17b8fe52,1572,1572,58,220248,211896,10804,61.79
I (38422) mqtt5_client: MQTT_MSG_TYPE_PUBACK return code is 0
s1,ML-KEM-1024,64,2942538,3926640,18393,24543,69980,24237,81,43975,0,0,-26,0,1069a6bdc72ebac5ff4d157c326c873e2297cd64bee7915f50f8ee8cbcabe67e,1572,1572,58,220248,211896,10804,61.35
I (38497) mqtt5_client: MQTT_MSG_TYPE_PUBACK return code is 0
s1,ML-KEM-1024,65,3108692,3870278,19431,24190,71164,24759,522,43622,0,0,-26,0,fd5b5e13f42e9776b6c5301cb36807632d9660381a1c7087c0350d6c3a6dd246,1572,1572,58,220248,211896,10804,61.30
I (38573) mqtt5_client: MQTT_MSG_TYPE_PUBACK return code is 0
s1,ML-KEM-1024,66,3135794,4098848,19600,25619,71212,24873,114,43390,0,0,-26,0,41fa650a0c1620a1ff4f184aa7f8423ba2bc77190e825de5da29f2bdda4e03c4,1572,1572,58,220248,211896,10804,63.50
I (38653) mqtt5_client: MQTT_MSG_TYPE_PUBACK return code is 0
s1,ML-KEM-1024,67,2939781,3864049,18376,24152,77936,32757,7884,47406,0,0,-26,0,aab716d6d44fcb39afe8695c915df9ad1626363ff8c6a9a7ab9f08609cfe4335,1572,1572,58,220248,211896,10804,54.57
I (38725) mqtt5_client: MQTT_MSG_TYPE_PUBACK return code is 0
s1,ML-KEM-1024,68,3134898,3925302,19596,24534,69109,22251,10506,44379,0,0,-26,0,36e816dfdd4fc647818e474facfd134e551eadab57030182cd9d5e23fbe07695,1572,1572,58,220248,211896,10804,63.86
I (38799) mqtt5_client: MQTT_MSG_TYPE_PUBACK return code is 0
s1,ML-KEM-1024,69,3112730,3989363,19457,24935,67916,23429,1178,42210,0,0,-26,0,53caf36548c4e795c79a9e5d9f0f0b0d63fc5205edc6ad9d596908d004a93c8e,1572,1572,58,220248,211896,10804,65.36
I (38869) mqtt5_client: MQTT_MSG_TYPE_PUBACK return code is 0
s1,ML-KEM-1024,70,2953490,4000127,18462,25004,83693,40123,16694,52588,0,0,-26,0,0a4a952fc8e14225bf0007c601a352087b67df9f45d051d943bc080566a74c12,1572,1572,58,220248,211896,10804,51.94
I (38986) mqtt5_client: MQTT_MSG_TYPE_PUBACK return code is 0
s1,ML-KEM-1024,71,2940142,3863582,18378,24148,120991,75781,35658,71895,0,0,-26,0,67be587cb4f9c35f0924fc4fe7fed29c76154ab227959224cc4bbffeb82a0ed8,1572,1572,58,220248,211896,10804,35.15
I (39084) mqtt5_client: MQTT_MSG_TYPE_PUBACK return code is 0
s1,ML-KEM-1024,72,2963900,4000627,18527,25007,110746,67110,8671,65165,0,0,-26,0,d9c26340bb3a852a6cf1d0ed43965292f8c86e17aa468ee6296014f0baeffc4f,1572,1572,58,220248,211896,10804,39.31
I (39203) mqtt5_client: MQTT_MSG_TYPE_PUBACK return code is 0
s1,ML-KEM-1024,73,3051726,4255839,19075,26600,109950,64178,2932,65617,0,0,-24,0,b8c6ba9e7dd9aa88ee85471b70f52f00e4ad805241ddf6128867cb33b649cb59,1572,1572,58,220248,211896,10804,41.54
I (39309) mqtt5_client: MQTT_MSG_TYPE_PUBACK return code is 0
s1,ML-KEM-1024,74,3108632,3868138,19430,24177,72750,26441,37737,44759,0,0,-24,0,9936d460c8bcc9a02fe4473d7aed5a72eba21eb43b0521f4005ecd2ef0a109fb,1572,1572,58,220248,211896,10804,59.94
I (39382) mqtt5_client: MQTT_MSG_TYPE_PUBACK return code is 0
s1,ML-KEM-1024,75,3110145,3904448,19442,24404,78438,31920,5479,49162,0,0,-24,0,391e575200809cfb52ac9f0853e02f22b9dc8ea57dc6579d814ef315594e71c9,1572,1572,58,220248,211896,10804,55.90
I (39463) mqtt5_client: MQTT_MSG_TYPE_PUBACK return code is 0
s1,ML-KEM-1024,76,3101938,3992090,19389,24951,74081,26984,4936,45537,0,0,-24,0,5d7e2794069001c27c67912cd5982c9834b023f7885b707b4305113f3d836779,1572,1572,58,220248,211896,10804,59.85
I (39540) mqtt5_client: MQTT_MSG_TYPE_PUBACK return code is 0
s1,ML-KEM-1024,77,2965811,4040343,18538,25253,75735,31846,4862,47453,0,0,-24,0,0893eb514c079f1efa1c0fcec5980627663239f5996342bfc5bd769d37871b0c,1572,1572,58,220248,211896,10804,57.82
I (39622) mqtt5_client: MQTT_MSG_TYPE_PUBACK return code is 0
s1,ML-KEM-1024,78,3109824,3985181,19438,24909,73192,28752,3094,45747,0,0,-24,0,a6b1322960de999d112fd6c5358e42bf2e70299221023a2ba996d16ee83dae65,1572,1572,58,220248,211896,10804,60.59
I (39700) mqtt5_client: MQTT_MSG_TYPE_PUBACK return code is 0
s1,ML-KEM-1024,79,3126526,4090123,19542,25564,74408,28204,548,46252,0,0,-24,0,20aab49831d633f50d7fae53563d400eece24d33b8686d4484459d30a2a1491a,1572,1572,58,220248,211896,10804,60.62
I (39772) mqtt5_client: MQTT_MSG_TYPE_PUBACK return code is 0
s1,ML-KEM-1024,80,2941057,3886899,18384,24295,77376,31952,3748,46706,0,0,-24,0,5ae9fdbc36d69c58616df506fe826645b7f2ec57af75c05c60e11701edfccb7a,1572,1572,58,220248,211896,10804,55.16
I (39853) mqtt5_client: MQTT_MSG_TYPE_PUBACK return code is 0
s1,ML-KEM-1024,81,3102812,3988488,19395,24929,77279,31794,158,47788,0,0,-24,0,602f22db0968d2d4b54a5aa4d8922d12e7ae33373e78d5ca14561f66ea4c130c,1572,1572,58,220248,211896,10804,57.36
I (39937) mqtt5_client: MQTT_MSG_TYPE_PUBACK return code is 0
s1,ML-KEM-1024,82,3104776,4075593,19406,25474,73467,27453,4341,44810,0,0,-24,0,7f6a67f8029664854fb4a5db55fbd49262eb683b583c8e33c3fa94c09555b766,1572,1572,58,220248,211896,10804,61.09
I (40038) mqtt5_client: MQTT_MSG_TYPE_PUBACK return code is 0
s1,ML-KEM-1024,83,2963051,3862833,18521,24144,100406,54904,27451,60743,0,0,-24,0,819d44609bcd3a72ba6870e0709779d739c89143ff73ff751a0c5095699bcb21,1572,1572,58,220248,211896,10804,42.49
I (40148) mqtt5_client: MQTT_MSG_TYPE_PUBACK return code is 0
s1,ML-KEM-1024,84,2962148,3882575,18515,24267,103652,58031,3127,62974,0,0,-24,0,18dab18935762199b1dc4df4d40fab631c439daa715e19fbb06d0ffce7074d29,1572,1572,58,220248,211896,10804,41.27
I (40220) mqtt5_client: MQTT_MSG_TYPE_PUBACK return code is 0
s1,ML-KEM-1024,85,3138211,3862386,19616,24141,80096,33489,24542,49168,0,0,-24,0,cafa2e7ea0aa243dc6e35cbbfac281017c590bfde50920fe56750df56a9cab7d,1572,1572,58,220244,211896,10804,54.63
I (40307) mqtt5_client: MQTT_MSG_TYPE_PUBACK return code is 0
s1,ML-KEM-1024,86,3183094,4251359,19897,26573,89466,42890,9401,54979,0,0,-25,0,a401d0ca76dce265124e04cded6317b4f4aae92559a7c53753a570573e9b3da5,1572,1572,58,220244,211896,10804,51.94
I (40399) mqtt5_client: MQTT_MSG_TYPE_PUBACK return code is 0
s1,ML-KEM-1024,87,3119216,3920881,19497,24507,74046,27179,15711,46045,0,0,-25,0,03823f6fe7d68cee6d7a0b882b35efeb9d3a1de5957f2767ebc0638f547d7c28,1572,1572,58,220244,211896,10804,59.43
I (40473) mqtt5_client: MQTT_MSG_TYPE_PUBACK return code is 0
s1,ML-KEM-1024,88,3117904,4031261,19489,25196,69136,24358,2821,41983,0,0,-25,0,9820398dd4e0584821e1e6866c72cbcf2874edfe822627e0f56491100945ef0f,1572,1572,58,220244,211896,10804,64.63
I (40554) mqtt5_client: MQTT_MSG_TYPE_PUBACK return code is 0
s1,ML-KEM-1024,89,3097480,3865717,19361,24162,79645,33248,8890,48591,0,0,-25,0,3f2c26c1a71374a389e831520d63999b47187957a2ed5fdb255e00aee0e9f674,1572,1572,58,220244,211896,10804,54.65
I (40633) mqtt5_client: MQTT_MSG_TYPE_PUBACK return code is 0
s1,ML-KEM-1024,90,3124698,3975838,19532,24850,76694,31200,2048,47048,0,0,-25,0,de45cf0ca7bf4d24a335a8f4701a03a764c8f9eb4e188516b8d0c669d460295d,1572,1572,58,220244,211896,10804,57.87
I (40726) mqtt5_client: MQTT_MSG_TYPE_PUBACK return code is 0
s1,ML-KEM-1024,91,2967308,3979109,18547,24871,95737,52216,21016,58389,0,0,-25,0,2c64feeab22aa6cc9eb880f1de5ca0cae7b979b0c1c7f0d72aa0e1521167d6a6,1572,1572,58,220244,211896,10804,45.35
I (40806) mqtt5_client: MQTT_MSG_TYPE_PUBACK return code is 0
s1,ML-KEM-1024,92,2941307,4006004,18385,25043,83654,40120,12096,50334,0,0,-25,0,cba97ce104342e9d99323f05c6c016ab3c5a5e7e655f3862d256132881c3faa7,1572,1572,58,220244,211896,10804,51.91
I (40893) mqtt5_client: MQTT_MSG_TYPE_PUBACK return code is 0
s1,ML-KEM-1024,93,2939484,4234991,18374,26469,70944,25925,14195,45576,0,0,-25,0,ab50e59df34d40c590c7316728ecdcdf3dd631072767565f08ff5324a85254ec,1572,1572,58,220244,211896,10804,63.21
I (40968) mqtt5_client: MQTT_MSG_TYPE_PUBACK return code is 0
s1,ML-KEM-1024,94,3120134,4010483,19503,25066,77674,32999,7074,48486,0,0,-25,0,1153603e87c3fc89906b9e41c4b52e7da4b4bf252b484b10b0e9fd993e2d9a4e,1572,1572,58,220244,211896,10804,57.38
I (41051) mqtt5_client: MQTT_MSG_TYPE_PUBACK return code is 0
s1,ML-KEM-1024,95,3078890,3864125,19246,24152,75547,29307,3692,47231,0,0,-25,0,0e84277b10aa792ec8daefe9b06159d19e7d9554b5646347f84285af507d08fa,1572,1572,58,220244,211896,10804,57.45
I (41126) mqtt5_client: MQTT_MSG_TYPE_PUBACK return code is 0
s1,ML-KEM-1024,96,3125218,3858540,19535,24116,81431,34840,5533,50279,0,0,-25,0,252d1f0b4dc8e66563b07a657f7369fc55da9739351e5b32fbf16831d9fee007,1572,1572,58,220244,211896,10804,53.60
I (41216) mqtt5_client: MQTT_MSG_TYPE_PUBACK return code is 0
s1,ML-KEM-1024,97,3115951,4059895,19477,25376,93730,48778,13938,57074,0,0,-25,0,90d29987a688918a8c3d321f9055d98421855e38e31672da4d7bcad13b15e966,1572,1572,58,220244,211896,10804,47.85
I (41310) mqtt5_client: MQTT_MSG_TYPE_PUBACK return code is 0
s1,ML-KEM-1024,98,2939423,3907288,18373,24421,69731,23971,24807,43966,0,0,-25,0,fcfcdd105305a60c1d29a9d474c1986c27cfcac5483a1f5522390ff71680ad90,1572,1572,58,220244,211896,10804,61.37
I (41396) mqtt5_client: MQTT_MSG_TYPE_PUBACK return code is 0
s1,ML-KEM-1024,99,2939515,3976910,18374,24857,93127,46909,22938,56123,0,0,-25,0,a296d07bc28bfec250a40d2dfd5d112879fdb4ddd24dec5f143385d69108eeef,1572,1572,58,220244,211896,10804,46.42
