Executing action: monitor
Running idf_monitor in directory /home/me/projects/mlkem
Executing "/home/me/.espressif/python_env/idf5.4_py3.14_env/bin/python /home/me/esp/esp-idf/tools/idf_monitor.py -p /dev/ttyUSB0 -b 921600 --toolchain-prefix xtensa-esp32s3-elf- --target esp32s3 --revision 0 /home/me/projects/mlkem/build/mlkem_esp32.elf -m '/home/me/.espressif/python_env/idf5.4_py3.14_env/bin/python' '/home/me/esp/esp-idf/tools/idf.py' '-p' '/dev/ttyUSB0' '-b' '921600'"...
s1,ML-KEM-512,1,1279486,0,7999,-1,5009639,-1,-1,2664840,0,0,-20,1,,804,772,58,226756,222520,25220,0.00
I (12015) mqtt5_client: MQTT_MSG_TYPE_PUBACK return code is 0
s1,ML-KEM-512,2,1278200,1868064,7990,11677,114369,92093,0,62192,0,0,-20,0,a10ff0542f8c98161dfa39569c3546617aa797df80edd45bc12ce057e1de12d7,804,772,58,225188,222520,21892,17.20
I (12074) mqtt5_client: MQTT_MSG_TYPE_PUBACK return code is 0
s1,ML-KEM-512,3,1277732,2026965,7988,12669,62737,41991,50102,36019,0,0,-20,0,980b912a7878ba5667d690163d9876a39f924658d4460a6913d63239a105a0c9,804,772,58,224984,220756,21892,32.93
I (12144) mqtt5_client: MQTT_MSG_TYPE_PUBACK return code is 0
s1,ML-KEM-512,4,1299586,2028311,8124,12679,55976,35094,6897,31827,0,0,-20,0,9ec7e0aeda1a9096ffb3d670db80b8c921b872f70140b455d530efd9d33d8d99,804,772,58,224984,220756,21860,37.16
I (12200) mqtt5_client: MQTT_MSG_TYPE_PUBACK return code is 0
s1,ML-KEM-512,5,1275928,1868851,7977,11681,55921,33431,1663,32079,0,0,-20,0,d97f6f32a246b6e62fdcf2e50555848795ed4495de7a94e1fe3b79210a26f210,804,772,58,224984,220756,21860,35.15
I (12268) mqtt5_client: MQTT_MSG_TYPE_PUBACK return code is 0
s1,ML-KEM-512,6,1275318,2003311,7973,12521,63320,42739,9308,35813,0,0,-20,0,6147d44ab30b330a7de35fc191f2a7fe98c19f7fea5a0903719e7f70593a22ed,804,772,58,224984,220756,21860,32.37
I (12334) mqtt5_client: MQTT_MSG_TYPE_PUBACK return code is 0
s1,ML-KEM-512,7,1300928,1904196,8133,11903,68373,45558,2819,39201,0,0,-20,0,f84f15eea2aa33ec41bc92289230e1c5bbaaca19ab0114a9bef834ef70367373,804,772,58,224984,220532,21860,29.30
I (12398) mqtt5_client: MQTT_MSG_TYPE_PUBACK return code is 0
s1,ML-KEM-512,8,1276988,2021108,7983,12633,56173,35468,10090,32078,0,0,-20,0,f0ea28a34f2474db0b59a8a4f060029a9abf7345b832dac80654af2ed08fc734,804,772,58,224984,220532,21860,36.70
I (12456) mqtt5_client: MQTT_MSG_TYPE_PUBACK return code is 0
s1,ML-KEM-512,9,1277536,1860537,7987,11630,61151,38729,3261,35372,0,0,-20,0,cb3a9445cf6891782a5f1d5e66a83091df744b25d176c7288a5a741a8643f22a,804,772,58,224984,220532,21860,32.08
I (12521) mqtt5_client: MQTT_MSG_TYPE_PUBACK return code is 0
s1,ML-KEM-512,10,1278823,2010837,7994,12569,58001,37352,1377,33722,0,0,-21,0,14dd5170589572477ae00239738431d0b8938abdd84e63cce0f8c680729404a8,804,772,58,224984,220532,21860,35.45
I (12584) mqtt5_client: MQTT_MSG_TYPE_PUBACK return code is 0
s1,ML-KEM-512,11,1278548,1910626,7993,11943,58016,35321,2031,34210,0,0,-21,0,f1e84342808e9ce3669c9763338e9469730e0df99966d900b23464351da3d725,804,772,58,224984,220532,21860,34.36
I (12647) mqtt5_client: MQTT_MSG_TYPE_PUBACK return code is 0
s1,ML-KEM-512,12,1280368,1997087,8005,12482,57440,36863,1542,32791,0,0,-21,0,827c0fd939d0b9ba74a1e991363289ef63cb08281b74c26000e76d2891b83007,804,772,58,224984,220532,21860,35.67
I (12706) mqtt5_client: MQTT_MSG_TYPE_PUBACK return code is 0
s1,ML-KEM-512,13,1277308,1874233,7985,11715,56956,34415,2448,33223,0,0,-21,0,dfc6b8b03cfb69251fc74f49498cb8c5dc4716142e966a005ed30f131a59ae59,804,772,58,224984,220532,21860,34.59
I (12766) mqtt5_client: MQTT_MSG_TYPE_PUBACK return code is 0
s1,ML-KEM-512,14,1275434,1868816,7973,11682,59563,37466,3051,34663,0,0,-21,0,4917e8f9b05c5d6e320a9b6f168acd3cd8886198d2eeb8de610694eb0bba6448,804,772,58,224984,220532,21860,33.00
I (12827) mqtt5_client: MQTT_MSG_TYPE_PUBACK return code is 0
s1,ML-KEM-512,15,1279736,2033868,8000,12713,54793,33989,3477,32540,0,0,-21,0,d32f2ee5271f93364e09ff1d9e9a6d9d113bbc8ad47e64f7447d74976b8d0a73,804,772,58,224984,220532,21860,37.80
I (12889) mqtt5_client: MQTT_MSG_TYPE_PUBACK return code is 0
s1,ML-KEM-512,16,1275526,2020611,7973,12630,59106,38415,4426,34676,0,0,-21,0,d4f62ae596e902d4b858ad926086d16ef68b12282187a6f88900783ef70fbb44,804,772,58,224984,220532,21860,34.86
I (12952) mqtt5_client: MQTT_MSG_TYPE_PUBACK return code is 0
s1,ML-KEM-512,17,1276544,1863732,7980,11649,61820,39511,1096,35338,0,0,-21,0,6b8e169a5bedd78dfa955177710605acf9397016a78a0c7adb912d21a2011e80,804,772,58,224984,220532,21860,31.75
I (13013) mqtt5_client: MQTT_MSG_TYPE_PUBACK return code is 0
s1,ML-KEM-512,18,1275640,1867992,7975,11676,56606,34517,4994,33018,0,0,-21,0,9d997ee217171f973724af1cae27dd0732ce69efaf7305fb590c23a5ddc7787c,804,772,58,224984,220532,21860,34.72
I (13074) mqtt5_client: MQTT_MSG_TYPE_PUBACK return code is 0
s1,ML-KEM-512,19,1276878,2017935,7983,12613,56739,36057,1540,33317,0,0,-21,0,f968f644006fe1bba631b76a9b6b062e99eb67d917ead57c470960d6e9c4379a,804,772,58,224984,220532,21860,36.30
I (13133) mqtt5_client: MQTT_MSG_TYPE_PUBACK return code is 0
s1,ML-KEM-512,20,1281284,1990831,8010,12444,60267,39727,3670,34901,0,0,-21,0,26837fd6efec80e7c59fd89b8b835496ba91adafa55f4135a913a8873192b820,804,772,58,224984,220532,21860,33.94
I (13197) mqtt5_client: MQTT_MSG_TYPE_PUBACK return code is 0
s1,ML-KEM-512,21,1277888,1888484,7989,11804,56533,34178,5549,33050,0,0,-21,0,2e3787bbdeb712a434335ba48c8e6aeba5d2de018080cf370cb79317fd891ea5,804,772,58,224984,220532,21860,35.01
I (13257) mqtt5_client: MQTT_MSG_TYPE_PUBACK return code is 0
s1,ML-KEM-512,22,1281978,1867265,8014,11672,57532,35127,949,33416,0,0,-21,0,f1f991fb896d7f1d9309adec1b4ffc06a023908247c82bea2563f2ec2c24230c,804,772,58,224984,220532,21860,34.22
I (13317) mqtt5_client: MQTT_MSG_TYPE_PUBACK return code is 0
s1,ML-KEM-512,23,1278012,2027553,7989,12673,56827,36087,960,33077,0,0,-21,0,a90d118838c7ce093a4ed5624cea60b8fb3e075c15f8ea647c726bd3a94c25a2,804,772,58,224984,220532,21860,36.36
I (13377) mqtt5_client: MQTT_MSG_TYPE_PUBACK return code is 0
s1,ML-KEM-512,24,1274436,2010343,7967,12566,54746,34131,1956,31477,0,0,-21,0,9c822e13d9882a26fd2ee4b7a81c0633683190f662344f756a1f9c463191bc3a,804,772,58,224984,220532,21860,37.51
I (13441) mqtt5_client: MQTT_MSG_TYPE_PUBACK return code is 0
s1,ML-KEM-512,25,1277414,1873328,7985,11709,61869,39450,5319,35470,0,0,-21,0,64e3eccfc97a449f5d5e1122959b5bb50905f46a4baa75838b96caa8829d45d3,804,772,58,224984,220532,21860,31.83
I (13499) mqtt5_client: MQTT_MSG_TYPE_PUBACK return code is 0
s1,ML-KEM-512,26,1275602,2007579,7974,12549,54565,33956,5494,32523,0,0,-21,0,d3e9e9315dbea178e3aa172495efe7b020523c09ebb25a96318e32ba73f43fdc,804,772,58,224984,220532,21860,37.61
I (13558) mqtt5_client: MQTT_MSG_TYPE_PUBACK return code is 0
s1,ML-KEM-512,27,1277530,1891333,7987,11822,56647,34056,100,34065,0,0,-21,0,cc89670946c45ca4cd5153809c8cad6fc34e628a3b4f8e96ca2876ae77a5b00c,804,772,58,224984,220532,21860,34.97
I (13615) mqtt5_client: MQTT_MSG_TYPE_PUBACK return code is 0
s1,ML-KEM-512,28,1283590,2112275,8025,13203,56116,34800,744,33401,0,0,-18,0,f754002e3295ac7745e6988764d4e11b6616620dd5fa04309472d939dfb75ea5,804,772,58,224984,220532,21860,37.83
I (13682) mqtt5_client: MQTT_MSG_TYPE_PUBACK return code is 0
s1,ML-KEM-512,29,1276512,1864993,7980,11657,65368,43025,8225,37291,0,0,-18,0,6168a45cfcc4f4839030a5559e5624f15e50da920f16c159c1a0b47e9a1183c5,804,772,58,224984,220532,21860,30.04
I (13744) mqtt5_client: MQTT_MSG_TYPE_PUBACK return code is 0
s1,ML-KEM-512,30,1278692,2015419,7994,12597,55186,34509,8516,33031,0,0,-18,0,cf11aeabe4637d45b656ce430f0bf4c4e11fb9fb72fb7e54f074556cd2f0617d,804,772,58,224984,220532,21860,37.31
I (13805) mqtt5_client: MQTT_MSG_TYPE_PUBACK return code is 0
s1,ML-KEM-512,31,1277246,1895048,7984,11845,55179,32497,2012,33333,0,0,-18,0,0f66d54baebef27bdb5239ded20d504616bf1da58472b1358f4be58c7e01772b,804,772,58,224984,220532,21860,35.94
I (13863) mqtt5_client: MQTT_MSG_TYPE_PUBACK return code is 0
s1,ML-KEM-512,32,1298168,2002157,8116,12514,56622,35910,3413,33282,0,0,-18,0,9199b91a76acec2b8e82ea793ef7a8511ee05004515061b5662346d186c4c211,804,772,58,224984,220532,21860,36.43
I (13923) mqtt5_client: MQTT_MSG_TYPE_PUBACK return code is 0
s1,ML-KEM-512,33,1277334,1864477,7985,11654,60497,37930,2020,35420,0,0,-18,0,c764ae8e4ca804cd107aa6265217867bd19a27496af1468f41b9125791869392,804,772,58,224984,220532,21860,32.46
I (13989) mqtt5_client: MQTT_MSG_TYPE_PUBACK return code is 0
s1,ML-KEM-512,34,1278230,1993743,7991,12462,58254,37715,215,35115,0,0,-18,0,9ec9319a8f6fa3cfd1a80c4fb88305c9a59279cf026adff661879d5d4b78559e,804,772,58,224984,220532,21860,35.11
I (14048) mqtt5_client: MQTT_MSG_TYPE_PUBACK return code is 0
s1,ML-KEM-512,35,1275558,1873255,7974,11709,57905,35414,2301,33716,0,0,-18,0,2cc6d576f8a9fd784e3aa16acf465e086b17acaec51f5f23d8d8dbaedb729cab,804,772,58,224984,220532,21860,33.99
I (14109) mqtt5_client: MQTT_MSG_TYPE_PUBACK return code is 0
s1,ML-KEM-512,36,1274103,1991489,7965,12447,55895,35392,22,32328,0,0,-18,0,a662efc8c7365eaf28d9e8461583d80ad47312a0d0c31b955eba89ee040ffd0c,804,772,58,224984,220532,21860,36.52
I (14170) mqtt5_client: MQTT_MSG_TYPE_PUBACK return code is 0
s1,ML-KEM-512,37,1303100,1872466,8146,11704,61221,38632,3240,35305,0,0,-18,0,658602ec94bc067e4421528f05815ce2cb863b44f1604d163062d0406bb99fab,804,772,58,224984,220532,21860,32.42
I (14232) mqtt5_client: MQTT_MSG_TYPE_PUBACK return code is 0
s1,ML-KEM-512,38,1275856,1869604,7976,11686,57300,34992,3640,33290,0,0,-18,0,e84cf20c4c24d69aaab98411049df159bd17d95cb15de9c735b25cbd134b1095,804,772,58,224984,220532,21860,34.31
I (14293) mqtt5_client: MQTT_MSG_TYPE_PUBACK return code is 0
s1,ML-KEM-512,39,1280068,2015315,8003,12596,54111,33436,1556,31030,0,0,-18,0,9490853f25331bbdbcc18ef233884a01338dc7155ffe754f45f351c665d2ed5c,804,772,58,224984,220532,21860,38.07
I (14352) mqtt5_client: MQTT_MSG_TYPE_PUBACK return code is 0
s1,ML-KEM-512,40,1303260,1994225,8147,12465,58738,38033,4597,35793,0,0,-18,0,4b74bb15a618fa4b7d72e3a45ebd4e9d03da45234aa74e19361568fbfe4f8326,804,772,58,224984,220532,21860,35.09
I (14413) mqtt5_client: MQTT_MSG_TYPE_PUBACK return code is 0
s1,ML-KEM-512,41,1277398,2036311,7986,12728,58948,38147,114,34657,0,0,-18,0,c9914e13f332a7bab5f1c7a2ca8e217443fdb352b7dd67cfdecea5710da1fbc4,804,772,58,224984,220532,21860,35.14
I (14478) mqtt5_client: MQTT_MSG_TYPE_PUBACK return code is 0
s1,ML-KEM-512,42,1298788,1996169,8119,12477,56385,35703,2444,32029,0,0,-18,0,f05b84ec49f0d41e2ebf2b2ff4ece89cefea35f0e2d547a20eff620f212f2a5e,804,772,58,224984,220532,21860,36.53
I (14536) mqtt5_client: MQTT_MSG_TYPE_PUBACK return code is 0
s1,ML-KEM-512,43,1278356,1865440,7992,11660,62470,40008,4305,35579,0,0,-18,0,41356b2f218462ff47c0dfbb2555a26bf42602fe0862f6c0514c6cbc63b08cc6,804,772,58,224984,220532,21860,31.46
I (14599) mqtt5_client: MQTT_MSG_TYPE_PUBACK return code is 0
s1,ML-KEM-512,44,1299090,1864292,8121,11653,57966,35798,4210,33900,0,0,-18,0,d8ddc9337b64db148ee96634940355b2f552126f58e7c49352c81f4a8731f00a,804,772,58,224984,220532,21860,34.11
I (14662) mqtt5_client: MQTT_MSG_TYPE_PUBACK return code is 0
s1,ML-KEM-512,45,1278192,1868087,7991,11677,59153,36597,799,33704,0,0,-18,0,14ab4f17a076401d3a8bab4cf8fab5d0de9463e2b36b6fdb2b850abc51739c39,804,772,58,224984,220532,21860,33.25
I (14725) mqtt5_client: MQTT_MSG_TYPE_PUBACK return code is 0
s1,ML-KEM-512,46,1279556,1861990,7999,11638,57465,35219,1378,33485,0,0,-18,0,6d46781e3c5a6a920e2eabac9209c931a78f41cf6f6ba4f16a521a3315e3b667,804,772,58,224984,220532,21860,34.17
I (14788) mqtt5_client: MQTT_MSG_TYPE_PUBACK return code is 0
s1,ML-KEM-512,47,1361678,1903223,8513,11896,61528,38585,3366,35591,0,0,-18,0,6b8b9b8c18063262b61b31592faad7140267d58bfb31c0450e346c1b9f3b109c,804,772,58,224984,220532,21860,33.17
I (14856) mqtt5_client: MQTT_MSG_TYPE_PUBACK return code is 0
s1,ML-KEM-512,48,1302774,2006951,8145,12544,59270,38494,91,35774,0,0,-18,0,48fc9e4b35c8cc673ebecc886a74b75c80778b9fee09eb5cf2a4678c099dbfee,804,772,58,224984,220532,21860,34.91
I (14913) mqtt5_client: MQTT_MSG_TYPE_PUBACK return code is 0
s1,ML-KEM-512,49,1276666,1873494,7981,11710,60132,37682,812,35211,0,0,-18,0,23a04f291af9eb4d54a675a11e34efc8a679216c1be92c23dc9a70c9110bfa93,804,772,58,224984,220532,21860,32.75
I (14977) mqtt5_client: MQTT_MSG_TYPE_PUBACK return code is 0
s1,ML-KEM-512,50,1276540,2000671,7980,12505,54027,33460,4222,31144,0,0,-18,0,cfbc082e267d1741b54aefa9851305fa2946b1096026ff46110f5ac764d2055b,804,772,58,224984,220532,21860,37.92
I (15032) mqtt5_client: MQTT_MSG_TYPE_PUBACK return code is 0
s1,ML-KEM-512,51,1276221,1865866,7979,11662,55535,33192,268,32536,0,0,-18,0,15831f893416adcea2771927e81c8286c504b656746aff62b8666e3a9df1cecb,804,772,58,224984,220532,21860,35.37
I (15094) mqtt5_client: MQTT_MSG_TYPE_PUBACK return code is 0
s1,ML-KEM-512,52,1374234,1865428,8592,11660,56840,34177,985,33009,0,0,-18,0,741c2ddd96e0ceaf42daa6cba63ecf764c545af492421ef65623a6e3ea686ab3,804,772,58,224984,220532,21860,35.63
I (15153) mqtt5_client: MQTT_MSG_TYPE_PUBACK return code is 0
s1,ML-KEM-512,53,1277508,1867241,7986,11672,60681,38137,3960,36964,0,0,-18,0,516e70fe6d070c3600c5489b4b574aadb48782951107847b4df8fbb9664c3276,804,772,58,224984,220532,21860,32.40
I (15214) mqtt5_client: MQTT_MSG_TYPE_PUBACK return code is 0
s1,ML-KEM-512,54,1279598,1864151,7999,11652,61318,39147,1010,35395,0,0,-18,0,a8c6b3bfb39897ac28a10e145b8fd5b805b3ebb45be3cff277189fc1752fba46,804,772,58,224984,220532,21860,32.05
I (15280) mqtt5_client: MQTT_MSG_TYPE_PUBACK return code is 0
s1,ML-KEM-512,55,1278527,1865564,7992,11661,58948,36524,2623,33740,0,0,-18,0,71c031b19360445304033ad12188c235f8bf1e86a4213c07cc8f04705e05a334,804,772,58,224984,220532,21860,33.34
I (15341) mqtt5_client: MQTT_MSG_TYPE_PUBACK return code is 0
s1,ML-KEM-512,56,1280864,1866194,8007,11664,53035,30936,5588,31238,0,0,-18,0,c50a630b637401f1fb0eea4fcca9ab5a8fafb075cb60306024e1662c32e2fb99,804,772,58,224984,220532,21860,37.09
I (15402) mqtt5_client: MQTT_MSG_TYPE_PUBACK return code is 0
s1,ML-KEM-512,57,1297992,1900563,8114,11879,59941,37157,6221,35684,0,0,-18,0,8e09753bda4184419694910c1568b5c7900e4c8953ff106c30d772363842ac4c,804,772,58,224984,220532,21860,33.35
I (15461) mqtt5_client: MQTT_MSG_TYPE_PUBACK return code is 0
s1,ML-KEM-512,58,1276916,1995687,7983,12474,59294,38749,1592,34063,0,0,-18,0,9d6ecedfb4b51d8498b371332dcb95060c35356712e00ae0625c4603937240b1,804,772,58,224984,220532,21860,34.50
I (15525) mqtt5_client: MQTT_MSG_TYPE_PUBACK return code is 0
s1,ML-KEM-512,59,1279319,1870725,7997,11693,60089,37749,1000,35871,0,0,-18,0,9056bd5faf35bf8188cdcfd167ada4f04fc8da30f494a7a951fada4cbfe191cc,804,772,58,224984,220532,21860,32.77
I (15588) mqtt5_client: MQTT_MSG_TYPE_PUBACK return code is 0
s1,ML-KEM-512,60,1279434,2011043,7999,12570,57326,36671,1078,34019,0,0,-18,0,dffddac55650ce07eaf294b3c5ae87d39fee0354e0733d35389e9223428530eb,804,772,58,224984,220532,21860,35.88
I (15650) mqtt5_client: MQTT_MSG_TYPE_PUBACK return code is 0
s1,ML-KEM-512,61,1276158,1866026,7977,11663,57623,35139,1532,33399,0,0,-18,0,15acfde20b30307ad24b87580b11ba3c0d6e1a3fe9cd3a2164805a76082d5afb,804,772,58,224984,220532,21860,34.08
I (15708) mqtt5_client: MQTT_MSG_TYPE_PUBACK return code is 0
s1,ML-KEM-512,62,1282310,1993389,8016,12459,54197,33635,1504,31787,0,0,-18,0,48642c9669d04ca7b0cfc48bcbdb6b2e7bb6b4bbc43a2b1a372e0cd355032253,804,772,58,224984,220532,21860,37.78
I (15773) mqtt5_client: MQTT_MSG_TYPE_PUBACK return code is 0
s1,ML-KEM-512,63,1274658,2013693,7968,12586,61698,41066,7431,36553,0,0,-18,0,25c1c38d1d18e97d086211ac83822d40e49080af54fecb5621749512683ec95a,804,772,58,224984,220532,21860,33.31
I (15832) mqtt5_client: MQTT_MSG_TYPE_PUBACK return code is 0
s1,ML-KEM-512,64,1277578,1870652,7986,11693,61300,39082,1984,35299,0,0,-18,0,4e6743bfc818ed0ab215d13a768b1b8b3ca7ed2e1e52e0ef3e9071d9bed1093d,804,772,58,224984,220532,21860,32.10
I (15895) mqtt5_client: MQTT_MSG_TYPE_PUBACK return code is 0
s1,ML-KEM-512,65,1278749,1872387,7994,11704,60377,37907,1175,34838,0,0,-18,0,ed293e1b438defbbe8f542ed96fcc20723e11088a6a4c39b10be228bd86b3337,804,772,58,224984,220532,21860,32.63
I (15959) mqtt5_client: MQTT_MSG_TYPE_PUBACK return code is 0
s1,ML-KEM-512,66,1275430,1886720,7973,11793,56409,34114,3793,32551,0,0,-18,0,a762d3891a2ebf78e777b27e456bfe0a6595e1be5c9e44d126d23e01d3fbbe20,804,772,58,224984,220532,21860,35.04
I (16020) mqtt5_client: MQTT_MSG_TYPE_PUBACK return code is 0
s1,ML-KEM-512,67,1283062,2097855,8021,13113,57245,35083,969,33804,0,0,-18,0,8d2303a7204b1d80a839fa3fbe3a0bf534ef967cd4242ed1ea74ccb5c6cdf9b1,804,772,58,224984,220532,21860,36.92
I (16081) mqtt5_client: MQTT_MSG_TYPE_PUBACK return code is 0
s1,ML-KEM-512,68,1274325,1871629,7967,11699,63556,41317,6234,37616,0,0,-18,0,733088f5ab007885ced3a071af0fb514c78dd2804ba400d9bcf95c1388f9a2b8,804,772,58,224984,220532,21860,30.94
I (16153) mqtt5_client: MQTT_MSG_TYPE_PUBACK return code is 0
s1,ML-KEM-512,69,1277416,1871481,7986,11698,63929,41580,263,38026,0,0,-18,0,b490ab97e4fa8cbac53da5b9caf1b6a438a88648d17a74ac1b5f3851742f91f4,804,772,58,224984,220532,21860,30.79
I (16226) mqtt5_client: MQTT_MSG_TYPE_PUBACK return code is 0
s1,ML-KEM-512,70,1300496,2010517,8130,12566,73641,52862,11282,43755,0,0,-18,0,a57b3f3626a258cb078a3ac48cc0160c41c6ce5f7f48d3671a92f6fd88a0f086,804,772,58,224984,220532,21860,28.10
I (16296) mqtt5_client: MQTT_MSG_TYPE_PUBACK return code is 0
s1,ML-KEM-512,71,1279356,1874072,7997,11714,64235,41602,11260,37232,0,0,-18,0,61cf4b049778d567539b54e5ead6626a379acd9e8dce8114d826fa29ddd2ed8d,804,772,58,224984,220532,21860,30.69
I (16358) mqtt5_client: MQTT_MSG_TYPE_PUBACK return code is 0
s1,ML-KEM-512,72,1277124,1993603,7984,12461,55460,34929,6673,32424,0,0,-18,0,a6e488ea1f012ce0d6656cd71c483378a6f79d3d6ae54af77dc51b974cd73002,804,772,58,224984,220532,21860,36.86
I (16418) mqtt5_client: MQTT_MSG_TYPE_PUBACK return code is 0
s1,ML-KEM-512,73,1290718,1868013,8068,11676,60289,37715,2786,35117,0,0,-18,0,c55a1df31af001131639ea45501e5d4eec7354c88cb422b60f13f30aac3bedbf,804,772,58,224984,220532,21860,32.75
I (16480) mqtt5_client: MQTT_MSG_TYPE_PUBACK return code is 0
s1,ML-KEM-512,74,1276938,2024948,7982,12657,54816,34089,3626,31623,0,0,-18,0,53f6557c5e2d3b248bd790cefcb71b0255d9d09fdcba80469d435a4eca926a4c,804,772,58,224984,220532,21860,37.65
I (16539) mqtt5_client: MQTT_MSG_TYPE_PUBACK return code is 0
s1,ML-KEM-512,75,1277884,1871114,7988,11696,57477,35027,938,33208,0,0,-18,0,db09b56b1857db87d2208f4fc036a1de09eaf5bbeeb3db5dd84288043362ec3a,804,772,58,224984,220532,21860,34.25
I (16601) mqtt5_client: MQTT_MSG_TYPE_PUBACK return code is 0
s1,ML-KEM-512,76,1299402,1991645,8123,12449,57800,37143,2116,33863,0,0,-18,0,4ca8d1a1eb817ab8a581df4bc60ef2a3c619607d41e133c5ced8c2eca6bc3178,804,772,58,224984,220532,21860,35.59
I (16663) mqtt5_client: MQTT_MSG_TYPE_PUBACK return code is 0
s1,ML-KEM-512,77,1276298,1865053,7979,11657,60763,38598,1455,34843,0,0,-18,0,e592b7e38741e0a6551bda0aa046236b829c57dfac9d0026f55d2e91ee5f6b06,804,772,58,224984,220532,21860,32.32
I (16725) mqtt5_client: MQTT_MSG_TYPE_PUBACK return code is 0
s1,ML-KEM-512,78,1295388,1992783,8098,12456,56196,35553,3045,32647,0,0,-18,0,9145dce947c1301053d0d759f0507a9e12bbe8cbd320ee7130626864a8d3faaf,804,772,58,224984,220532,21860,36.58
I (16785) mqtt5_client: MQTT_MSG_TYPE_PUBACK return code is 0
s1,ML-KEM-512,79,1276693,1861836,7982,11637,63608,41301,5748,36817,0,0,-18,0,425f3626ec6298dbb1c20a2d90c5c5d87d02bb59dfb4791790788b40c888e030,804,772,58,224984,220532,21860,30.84
I (16852) mqtt5_client: MQTT_MSG_TYPE_PUBACK return code is 0
s1,ML-KEM-512,80,1302948,1997289,8145,12484,54409,33692,7609,31732,0,0,-18,0,f9b2cd125ddaee224fde8f102bc9b18bb34cb11042b9a2561209d51a0f389895,804,772,58,224984,220532,21860,37.91
I (16916) mqtt5_client: MQTT_MSG_TYPE_PUBACK return code is 0
s1,ML-KEM-512,81,1279380,1866044,7998,11664,63738,41389,7697,36820,0,0,-18,0,080c9c2827dc97421d902c4e21ab256b33eadb29573afc2b8667b20e06a1c917,804,772,58,224984,220532,21860,30.85
I (16974) mqtt5_client: MQTT_MSG_TYPE_PUBACK return code is 0
s1,ML-KEM-512,82,1278460,1995673,7992,12474,52558,32004,9385,30450,0,0,-18,0,d35d96345bf30acb3ad71f3a167874a2d81d20cf16dbba75ca6ced2ae7409ec8,804,772,58,224984,220532,21860,38.94
I (17032) mqtt5_client: MQTT_MSG_TYPE_PUBACK return code is 0
s1,ML-KEM-512,83,1294948,1864658,8095,11655,58716,36270,4266,33381,0,0,-18,0,a26da08733ef67ccd350cac9e37a823892eb21f651a44bc95ddc5c15264576f0,804,772,58,224984,220532,21860,33.64
I (17092) mqtt5_client: MQTT_MSG_TYPE_PUBACK return code is 0
s1,ML-KEM-512,84,1278240,2013213,7991,12584,53886,33225,3045,31695,0,0,-18,0,49c7aedcc5d2e2226a66de085c853623e977dd74a691d2577e8acfc151c8cd03,804,772,58,224984,220532,21860,38.18
I (17155) mqtt5_client: MQTT_MSG_TYPE_PUBACK return code is 0
s1,ML-KEM-512,85,1276104,1879344,7977,11747,60464,37946,4721,34868,0,0,-18,0,978c6224992d7cba25c4edbfaca1c78de83524396aa53859a9be5a3365399353,804,772,58,224984,220532,21860,32.62
I (17216) mqtt5_client: MQTT_MSG_TYPE_PUBACK return code is 0
s1,ML-KEM-512,86,1279314,2002805,7997,12520,57307,36710,1236,33389,0,0,-18,0,0c1339fb888dba7a9a9834ad0d369dfd72462a214a333c35ca8a0c56b10fbaac,804,772,58,224984,220532,21860,35.80
I (17276) mqtt5_client: MQTT_MSG_TYPE_PUBACK return code is 0
s1,ML-KEM-512,87,1275306,2013659,7973,12587,57408,36762,52,33205,0,0,-18,0,81d4a9208ae2c0fab4758d923fe6fde97c24891f6136fdb1044deecb27ffad61,804,772,58,224984,220532,21860,35.81
I (17336) mqtt5_client: MQTT_MSG_TYPE_PUBACK return code is 0
s1,ML-KEM-512,88,1276214,1867756,7978,11674,61467,39181,2419,35329,0,0,-18,0,b37e89fc9e362a717b664b4883e19e69bfda8cf746ba3c8f5d9d3e184f8ec209,804,772,58,224984,220532,21860,31.97
I (17399) mqtt5_client: MQTT_MSG_TYPE_PUBACK return code is 0
s1,ML-KEM-512,89,1278922,2073855,7995,12963,54331,33289,5892,32044,0,0,-18,0,73324b0d822ee017d4fc0cfead8a15b703629afb969a87b999d147793e3d135c,804,772,58,224984,220532,21860,38.57
I (17458) mqtt5_client: MQTT_MSG_TYPE_PUBACK return code is 0
s1,ML-KEM-512,90,1275432,2010171,7973,12565,52368,31745,1544,30696,0,0,-18,0,6ff0ffccff136ab9934c783c79cf88f1dbcb80cc83e5431ed00594f6905b4741,804,772,58,224984,220532,21860,39.22
I (17518) mqtt5_client: MQTT_MSG_TYPE_PUBACK return code is 0
s1,ML-KEM-512,91,1275112,1868936,7971,11682,60804,38305,6560,36091,0,0,-18,0,3c91a93ea6747b92e08db1ee114d3c054672125c38b6690bbf8a4c1a7dd1d786,804,772,58,224984,220532,21860,32.32
I (17576) mqtt5_client: MQTT_MSG_TYPE_PUBACK return code is 0
s1,ML-KEM-512,92,1281900,1879004,8013,11745,58995,36768,1537,35203,0,0,-18,0,00eacfcb48b3de983597915583bb725f4764ede0ee53798a5cb7cfcb39ffc43e,804,772,58,224984,220532,21860,33.49
I (17639) mqtt5_client: MQTT_MSG_TYPE_PUBACK return code is 0
s1,ML-KEM-512,93,1279596,1869620,7999,11687,55688,33167,3601,33301,0,0,-18,0,84ce9d14e6e8cc3d2bdeae030653890b35433eff7077fdfbe3f081f414293b7c,804,772,58,224984,220532,21860,35.35
I (17698) mqtt5_client: MQTT_MSG_TYPE_PUBACK return code is 0
s1,ML-KEM-512,94,1281612,1993135,8012,12458,54861,34307,1140,32453,0,0,-18,0,6dc255292c2907cd34997fe64203cab27dd5be43d82c5da0a18c8cd8c3bf99a8,804,772,58,224984,220532,21860,37.31
I (17758) mqtt5_client: MQTT_MSG_TYPE_PUBACK return code is 0
s1,ML-KEM-512,95,1278766,1890593,7994,11817,59356,36720,2413,35143,0,0,-18,0,d4934da8136b21ffd427d65e29a12c9a95adcd6fbd096cd100a151625f407e8c,804,772,58,224984,220532,21860,33.38
I (17820) mqtt5_client: MQTT_MSG_TYPE_PUBACK return code is 0
s1,ML-KEM-512,96,1278380,1866633,7992,11668,55196,33100,3620,32236,0,0,-18,0,063d5dade9d71e4017fc064a9349dce9d702cdf8237ce53a78fd35d20f8dcaf8,804,772,58,224984,220532,21860,35.62
I (17877) mqtt5_client: MQTT_MSG_TYPE_PUBACK return code is 0
s1,ML-KEM-512,97,1276452,2015793,7979,12600,55493,34827,1727,31709,0,0,-18,0,39197b1157a38e00545a8576d1fcacd08a30b7b8728fb84f16cd9a9fb35963fc,804,772,58,224984,220532,21860,37.08
I (17937) mqtt5_client: MQTT_MSG_TYPE_PUBACK return code is 0
s1,ML-KEM-512,98,1280348,2012671,8004,12580,53656,32988,1839,31936,0,0,-18,0,e3912c9f5d6d68a8893ae5bb75f31fee5221ebf940ee7f995b0ec7a5f68b00dd,804,772,58,224984,220532,21860,38.36
I (17994) mqtt5_client: MQTT_MSG_TYPE_PUBACK return code is 0
s1,ML-KEM-512,99,1277176,1867340,7984,11672,55931,33449,461,33663,0,0,-18,0,f2594cf2b7782aeb5d95eb99b339934624cde48115bacce660da89bd47c798fb,804,772,58,224984,220532,21860,35.14
